{"uuid":"1e3679b4-3b99-48b8-9966-7dfef4195fbb","historyId":"4846c5ac3874fa762074a99dbd562cc6","fullName":"RegisterTests.registerSuccesFullControl","labels":[{"name":"package","value":"RegisterTests"},{"name":"testClass","value":"RegisterTests"},{"name":"testMethod","value":"registerSuccesFullControl"},{"name":"parentSuite","value":"Default Suite"},{"name":"suite","value":"TechcarNetHomework"},{"name":"subSuite","value":"RegisterTests"},{"name":"host","value":"Mars"},{"name":"thread","value":"8432@Mars.main(1)"},{"name":"framework","value":"testng"},{"name":"language","value":"java"}],"links":[],"name":"registerSuccesFullControl","status":"broken","statusDetails":{"known":false,"muted":false,"flaky":false,"message":"Cannot locate option with text: Singapor\nFor documentation on this error, please visit: https://www.selenium.dev/documentation/webdriver/troubleshooting/errors#no-such-element-exception\nBuild info: version: '4.26.0', revision: '8ccf0219d7'\nSystem info: os.name: 'Windows 11', os.arch: 'amd64', os.version: '10.0', java.version: '11.0.19'\nDriver info: driver.version: unknown","trace":"org.openqa.selenium.NoSuchElementException: Cannot locate option with text: Singapor\nFor documentation on this error, please visit: https://www.selenium.dev/documentation/webdriver/troubleshooting/errors#no-such-element-exception\nBuild info: version: '4.26.0', revision: '8ccf0219d7'\nSystem info: os.name: 'Windows 11', os.arch: 'amd64', os.version: '10.0', java.version: '11.0.19'\nDriver info: driver.version: unknown\r\n\tat org.openqa.selenium.support.ui.Select.selectByVisibleText(Select.java:153)\r\n\tat pages.RegisterPage.contry(RegisterPage.java:92)\r\n\tat RegisterTests.registerSuccesFullControl(RegisterTests.java:35)\r\n\tat java.base/jdk.internal.reflect.NativeMethodAccessorImpl.invoke0(Native Method)\r\n\tat java.base/jdk.internal.reflect.NativeMethodAccessorImpl.invoke(NativeMethodAccessorImpl.java:62)\r\n\tat java.base/jdk.internal.reflect.DelegatingMethodAccessorImpl.invoke(DelegatingMethodAccessorImpl.java:43)\r\n\tat java.base/java.lang.reflect.Method.invoke(Method.java:566)\r\n\tat org.testng.internal.invokers.MethodInvocationHelper.invokeMethod(MethodInvocationHelper.java:141)\r\n\tat org.testng.internal.invokers.TestInvoker.invokeMethod(TestInvoker.java:686)\r\n\tat org.testng.internal.invokers.TestInvoker.invokeTestMethod(TestInvoker.java:230)\r\n\tat org.testng.internal.invokers.MethodRunner.runInSequence(MethodRunner.java:63)\r\n\tat org.testng.internal.invokers.TestInvoker$MethodInvocationAgent.invoke(TestInvoker.java:992)\r\n\tat org.testng.internal.invokers.TestInvoker.invokeTestMethods(TestInvoker.java:203)\r\n\tat org.testng.internal.invokers.TestMethodWorker.invokeTestMethods(TestMethodWorker.java:154)\r\n\tat org.testng.internal.invokers.TestMethodWorker.run(TestMethodWorker.java:134)\r\n\tat java.base/java.util.ArrayList.forEach(ArrayList.java:1541)\r\n\tat org.testng.TestRunner.privateRun(TestRunner.java:739)\r\n\tat org.testng.TestRunner.run(TestRunner.java:614)\r\n\tat org.testng.SuiteRunner.runTest(SuiteRunner.java:421)\r\n\tat org.testng.SuiteRunner.runSequentially(SuiteRunner.java:413)\r\n\tat org.testng.SuiteRunner.privateRun(SuiteRunner.java:373)\r\n\tat org.testng.SuiteRunner.run(SuiteRunner.java:312)\r\n\tat org.testng.SuiteRunnerWorker.runSuite(SuiteRunnerWorker.java:52)\r\n\tat org.testng.SuiteRunnerWorker.run(SuiteRunnerWorker.java:95)\r\n\tat org.testng.TestNG.runSuitesSequentially(TestNG.java:1274)\r\n\tat org.testng.TestNG.runSuitesLocally(TestNG.java:1208)\r\n\tat org.testng.TestNG.runSuites(TestNG.java:1112)\r\n\tat org.testng.TestNG.run(TestNG.java:1079)\r\n\tat com.intellij.rt.testng.IDEARemoteTestNG.run(IDEARemoteTestNG.java:66)\r\n\tat com.intellij.rt.testng.RemoteTestNGStarter.main(RemoteTestNGStarter.java:105)\r\n"},"stage":"finished","steps":[{"name":"Account bar Tıklandı","status":"passed","stage":"finished","steps":[],"attachments":[],"parameters":[],"start":1730921684550,"stop":1730921689127},{"name":"UserName alani doldurulur ","status":"passed","stage":"finished","steps":[],"attachments":[],"parameters":[{"name":"Username","value":"testUser"}],"start":1730921689133,"stop":1730921689634},{"name":"Email alanı doldurulur","status":"passed","stage":"finished","steps":[],"attachments":[],"parameters":[{"name":"email","value":"sezginmerttt@yahoo.com"}],"start":1730921689635,"stop":1730921690015},{"name":"Kayit ol butonuna basilir","status":"passed","stage":"finished","steps":[],"attachments":[],"parameters":[],"start":1730921690016,"stop":1730921694905},{"name":"Cinsiyet secilir","status":"passed","stage":"finished","steps":[],"attachments":[],"parameters":[],"start":1730921694907,"stop":1730921695079},{"name":"Password girilir","status":"passed","stage":"finished","steps":[],"attachments":[],"parameters":[{"name":"password","value":"45465sdoŞ"}],"start":1730921695081,"stop":1730921695497},{"name":"Dogum tarihi için gun girilir","status":"passed","stage":"finished","steps":[],"attachments":[],"parameters":[{"name":"dayIndex","value":"29"}],"start":1730921695530,"stop":1730921696890},{"name":"Dogum tarihi için ay girilir","status":"passed","stage":"finished","steps":[],"attachments":[],"parameters":[{"name":"textMonth","value":"December"}],"start":1730921696890,"stop":1730921697158},{"name":"Dogum tarihi için yil girilir","status":"passed","stage":"finished","steps":[],"attachments":[],"parameters":[{"name":"textYears","value":"1997"}],"start":1730921697159,"stop":1730921697427},{"name":"Firstname alani doldurulur","status":"passed","stage":"finished","steps":[],"attachments":[],"parameters":[{"name":"firstName","value":"Sezgin"}],"start":1730921697427,"stop":1730921697746},{"name":"Lastname alani doldurulur","status":"passed","stage":"finished","steps":[],"attachments":[],"parameters":[{"name":"lastName","value":"Mert"}],"start":1730921697747,"stop":1730921698004},{"name":"Sirket ismi alani doldurulur ","status":"passed","stage":"finished","steps":[],"attachments":[],"parameters":[{"name":"company","value":"TeachrarNet"}],"start":1730921698005,"stop":1730921698369},{"name":"Adress1 alani doldurulur ","status":"passed","stage":"finished","steps":[],"attachments":[],"parameters":[{"name":"adress1","value":"NeneHatun mahallesi"}],"start":1730921698393,"stop":1730921698994},{"name":"Adress2 alani doldurulur ","status":"passed","stage":"finished","steps":[],"attachments":[],"parameters":[{"name":"adress2","value":"no 23 daire 45"}],"start":1730921698995,"stop":1730921699371},{"name":"Ulke alani doldurulur ","status":"broken","statusDetails":{"known":false,"muted":false,"flaky":false,"message":"Cannot locate option with text: Singapor\nFor documentation on this error, please visit: https://www.selenium.dev/documentation/webdriver/troubleshooting/errors#no-such-element-exception\nBuild info: version: '4.26.0', revision: '8ccf0219d7'\nSystem info: os.name: 'Windows 11', os.arch: 'amd64', os.version: '10.0', java.version: '11.0.19'\nDriver info: driver.version: unknown","trace":"org.openqa.selenium.NoSuchElementException: Cannot locate option with text: Singapor\nFor documentation on this error, please visit: https://www.selenium.dev/documentation/webdriver/troubleshooting/errors#no-such-element-exception\nBuild info: version: '4.26.0', revision: '8ccf0219d7'\nSystem info: os.name: 'Windows 11', os.arch: 'amd64', os.version: '10.0', java.version: '11.0.19'\nDriver info: driver.version: unknown\r\n\tat org.openqa.selenium.support.ui.Select.selectByVisibleText(Select.java:153)\r\n\tat pages.RegisterPage.contry(RegisterPage.java:92)\r\n\tat RegisterTests.registerSuccesFullControl(RegisterTests.java:35)\r\n\tat java.base/jdk.internal.reflect.NativeMethodAccessorImpl.invoke0(Native Method)\r\n\tat java.base/jdk.internal.reflect.NativeMethodAccessorImpl.invoke(NativeMethodAccessorImpl.java:62)\r\n\tat java.base/jdk.internal.reflect.DelegatingMethodAccessorImpl.invoke(DelegatingMethodAccessorImpl.java:43)\r\n\tat java.base/java.lang.reflect.Method.invoke(Method.java:566)\r\n\tat org.testng.internal.invokers.MethodInvocationHelper.invokeMethod(MethodInvocationHelper.java:141)\r\n\tat org.testng.internal.invokers.TestInvoker.invokeMethod(TestInvoker.java:686)\r\n\tat org.testng.internal.invokers.TestInvoker.invokeTestMethod(TestInvoker.java:230)\r\n\tat org.testng.internal.invokers.MethodRunner.runInSequence(MethodRunner.java:63)\r\n\tat org.testng.internal.invokers.TestInvoker$MethodInvocationAgent.invoke(TestInvoker.java:992)\r\n\tat org.testng.internal.invokers.TestInvoker.invokeTestMethods(TestInvoker.java:203)\r\n\tat org.testng.internal.invokers.TestMethodWorker.invokeTestMethods(TestMethodWorker.java:154)\r\n\tat org.testng.internal.invokers.TestMethodWorker.run(TestMethodWorker.java:134)\r\n\tat java.base/java.util.ArrayList.forEach(ArrayList.java:1541)\r\n\tat org.testng.TestRunner.privateRun(TestRunner.java:739)\r\n\tat org.testng.TestRunner.run(TestRunner.java:614)\r\n\tat org.testng.SuiteRunner.runTest(SuiteRunner.java:421)\r\n\tat org.testng.SuiteRunner.runSequentially(SuiteRunner.java:413)\r\n\tat org.testng.SuiteRunner.privateRun(SuiteRunner.java:373)\r\n\tat org.testng.SuiteRunner.run(SuiteRunner.java:312)\r\n\tat org.testng.SuiteRunnerWorker.runSuite(SuiteRunnerWorker.java:52)\r\n\tat org.testng.SuiteRunnerWorker.run(SuiteRunnerWorker.java:95)\r\n\tat org.testng.TestNG.runSuitesSequentially(TestNG.java:1274)\r\n\tat org.testng.TestNG.runSuitesLocally(TestNG.java:1208)\r\n\tat org.testng.TestNG.runSuites(TestNG.java:1112)\r\n\tat org.testng.TestNG.run(TestNG.java:1079)\r\n\tat com.intellij.rt.testng.IDEARemoteTestNG.run(IDEARemoteTestNG.java:66)\r\n\tat com.intellij.rt.testng.RemoteTestNGStarter.main(RemoteTestNGStarter.java:105)\r\n"},"stage":"finished","steps":[],"attachments":[],"parameters":[{"name":"textContry","value":"Singapor"}],"start":1730921699373,"stop":1730921699517}],"attachments":[],"parameters":[],"start":1730921684500,"stop":1730921699533}